2019-11-27 01:30:35,017 [main] INFO  DVLauncher  - ===== Test Details =====
2019-11-27 01:30:35,019 [main] INFO  DVLauncher  - TestID : pwx_mss_datatype_0001
2019-11-27 01:30:35,019 [main] INFO  DVLauncher  - SrcID : mss_16_rds
2019-11-27 01:30:35,020 [main] INFO  DVLauncher  - TgtID : mss_16_rds
2019-11-27 01:30:35,021 [main] INFO  DVLauncher  - Source Schema : aniket
2019-11-27 01:30:35,025 [main] INFO  DVLauncher  - Target Schema : akadam
2019-11-27 01:30:35,025 [main] INFO  DVLauncher  - Table Mapping : [{ora0001(#15,pk,col2,col3) : ora0002(#15,pk,col2,col3)};{ora0003(#10,pk,col1,col4) : ora0004(#10,pk,col1,col2)};{ora0005(#10,*) : ora0006(#10,*)}]
2019-11-27 01:30:35,027 [main] INFO  DVLauncher  - Log Dir : C:/akadam/Work/PowerExchange/v1040/data_validation_tool/logs
2019-11-27 01:30:35,027 [main] INFO  DVLauncher  - ===== Source DB Details =====
2019-11-27 01:30:35,028 [main] INFO  DVLauncher  - Type : MSSQL
2019-11-27 01:30:35,028 [main] INFO  DVLauncher  - Version : 16
2019-11-27 01:30:35,029 [main] INFO  DVLauncher  - Host : 16
2019-11-27 01:30:35,029 [main] INFO  DVLauncher  - User : aniket
2019-11-27 01:30:35,030 [main] INFO  DVLauncher  - Password : aniket
2019-11-27 01:30:35,033 [main] INFO  DVLauncher  - Port : 1433
2019-11-27 01:30:35,034 [main] INFO  DVLauncher  - DBName : AniketDB
2019-11-27 01:30:35,037 [main] INFO  DVLauncher  - ===== Target DB Details =====
2019-11-27 01:30:35,037 [main] INFO  DVLauncher  - Type : MSSQL
2019-11-27 01:30:35,038 [main] INFO  DVLauncher  - Version : 16
2019-11-27 01:30:35,039 [main] INFO  DVLauncher  - Host : 16
2019-11-27 01:30:35,039 [main] INFO  DVLauncher  - User : aniket
2019-11-27 01:30:35,040 [main] INFO  DVLauncher  - Password : aniket
2019-11-27 01:30:35,041 [main] INFO  DVLauncher  - Port : 1433
2019-11-27 01:30:35,041 [main] INFO  DVLauncher  - DBName : AniketDB
