2019-11-27 08:38:08,928 [main] INFO  DVLauncher  - ===== Test Details =====
2019-11-27 08:38:08,929 [main] INFO  DVLauncher  - TestID : pwx_mss_datatype_0001
2019-11-27 08:38:08,931 [main] INFO  DVLauncher  - SrcID : my_pgs
2019-11-27 08:38:08,932 [main] INFO  DVLauncher  - TgtID : my_pgs
2019-11-27 08:38:08,938 [main] INFO  DVLauncher  - Source Schema : aniket
2019-11-27 08:38:08,940 [main] INFO  DVLauncher  - Target Schema : akadam
2019-11-27 08:38:08,940 [main] INFO  DVLauncher  - Table Mapping : [{ora0001(#15,pk,col2,col3) : ora0002(#15,pk,col2,col3)};{ora0003(#10,pk,col1,col4) : ora0004(#10,pk,col1,col2)};{ora0005(#10,*) : ora0006(#10,*)}]
2019-11-27 08:38:08,976 [main] INFO  DVLauncher  - Log Dir : C:/akadam/Work/PowerExchange/v1040/data_validation_tool/logs
2019-11-27 08:38:08,976 [main] INFO  DVLauncher  - ===== Source DB Details =====
2019-11-27 08:38:08,978 [main] INFO  DVLauncher  - Type : PGS
2019-11-27 08:38:08,985 [main] INFO  DVLauncher  - Version : 11
2019-11-27 08:38:08,985 [main] INFO  DVLauncher  - Host : mhvr16db02
2019-11-27 08:38:08,988 [main] INFO  DVLauncher  - User : ilqa
2019-11-27 08:38:08,988 [main] INFO  DVLauncher  - Password : ilqa
2019-11-27 08:38:08,996 [main] INFO  DVLauncher  - Port : 5432
2019-11-27 08:38:08,998 [main] INFO  DVLauncher  - DBName : pwxtest
2019-11-27 08:38:09,005 [main] INFO  DVLauncher  - ===== Target DB Details =====
2019-11-27 08:38:09,005 [main] INFO  DVLauncher  - Type : PGS
2019-11-27 08:38:09,006 [main] INFO  DVLauncher  - Version : 11
2019-11-27 08:38:09,008 [main] INFO  DVLauncher  - Host : mhvr16db02
2019-11-27 08:38:09,016 [main] INFO  DVLauncher  - User : ilqa
2019-11-27 08:38:09,018 [main] INFO  DVLauncher  - Password : ilqa
2019-11-27 08:38:09,025 [main] INFO  DVLauncher  - Port : 5432
2019-11-27 08:38:09,026 [main] INFO  DVLauncher  - DBName : pwxtest
