2019-11-27 08:18:25,182 [main] INFO  DVLauncher  - ===== Test Details =====
2019-11-27 08:18:25,184 [main] INFO  DVLauncher  - TestID : pwx_mss_datatype_0001
2019-11-27 08:18:25,185 [main] INFO  DVLauncher  - SrcID : my_udb
2019-11-27 08:18:25,186 [main] INFO  DVLauncher  - TgtID : my_udb
2019-11-27 08:18:25,192 [main] INFO  DVLauncher  - Source Schema : aniket
2019-11-27 08:18:25,193 [main] INFO  DVLauncher  - Target Schema : akadam
2019-11-27 08:18:25,196 [main] INFO  DVLauncher  - Table Mapping : [{ora0001(#15,pk,col2,col3) : ora0002(#15,pk,col2,col3)};{ora0003(#10,pk,col1,col4) : ora0004(#10,pk,col1,col2)};{ora0005(#10,*) : ora0006(#10,*)}]
2019-11-27 08:18:25,196 [main] INFO  DVLauncher  - Log Dir : C:/akadam/Work/PowerExchange/v1040/data_validation_tool/logs
2019-11-27 08:18:25,205 [main] INFO  DVLauncher  - ===== Source DB Details =====
2019-11-27 08:18:25,206 [main] INFO  DVLauncher  - Type : DB2LUW
2019-11-27 08:18:25,213 [main] INFO  DVLauncher  - Version : 11
2019-11-27 08:18:25,214 [main] INFO  DVLauncher  - Host : mhvredhat6
2019-11-27 08:18:25,216 [main] INFO  DVLauncher  - User : ilqa
2019-11-27 08:18:25,217 [main] INFO  DVLauncher  - Password : ilqa
2019-11-27 08:18:25,223 [main] INFO  DVLauncher  - Port : 50000
2019-11-27 08:18:25,224 [main] INFO  DVLauncher  - DBName : ilr6111p
2019-11-27 08:18:25,225 [main] INFO  DVLauncher  - ===== Target DB Details =====
2019-11-27 08:18:25,227 [main] INFO  DVLauncher  - Type : DB2LUW
2019-11-27 08:18:25,228 [main] INFO  DVLauncher  - Version : 11
2019-11-27 08:18:25,236 [main] INFO  DVLauncher  - Host : mhvredhat6
2019-11-27 08:18:25,238 [main] INFO  DVLauncher  - User : ilqa
2019-11-27 08:18:25,239 [main] INFO  DVLauncher  - Password : ilqa
2019-11-27 08:18:25,247 [main] INFO  DVLauncher  - Port : 50000
2019-11-27 08:18:25,254 [main] INFO  DVLauncher  - DBName : ilr6111p
2019-11-27 08:18:27,890 [main] INFO  DVLauncher  - Employee number = 1
2019-11-27 08:18:27,890 [main] INFO  DVLauncher  - Employee number = 7
2019-11-27 08:18:27,892 [main] INFO  DVLauncher  - Employee number = 4
2019-11-27 08:18:27,899 [main] INFO  DVLauncher  - Employee number = 8
2019-11-27 08:18:27,900 [main] INFO  DVLauncher  - Employee number = 2
2019-11-27 08:18:27,902 [main] INFO  DVLauncher  - Employee number = 16
2019-11-27 08:18:27,902 [main] INFO  DVLauncher  - Employee number = 3
2019-11-27 08:18:27,912 [main] INFO  DVLauncher  - Employee number = 6
2019-11-27 08:18:27,912 [main] INFO  DVLauncher  - Employee number = 9
2019-11-27 08:18:27,919 [main] INFO  DVLauncher  - Employee number = 11
2019-11-27 08:18:27,921 [main] INFO  DVLauncher  - Employee number = 12
2019-11-27 08:18:27,922 [main] INFO  DVLauncher  - Employee number = 14
2019-11-27 08:18:27,930 [main] INFO  DVLauncher  - Employee number = 15
2019-11-27 08:18:27,932 [main] INFO  DVLauncher  - Employee number = 5
2019-11-27 08:18:27,933 [main] INFO  DVLauncher  - Employee number = 10
2019-11-27 08:18:27,939 [main] INFO  DVLauncher  - Employee number = 13
2019-11-27 08:18:28,200 [main] INFO  DVLauncher  - **** Fetched all rows from JDBC ResultSet
2019-11-27 08:18:28,201 [main] INFO  DVLauncher  - **** Closed JDBC ResultSet
2019-11-27 08:18:28,202 [main] INFO  DVLauncher  - **** Closed JDBC Statement
