2019-11-27 08:40:46,369 [main] INFO  DVLauncher  - ===== Test Details =====
2019-11-27 08:40:46,370 [main] INFO  DVLauncher  - TestID : pwx_mss_datatype_0001
2019-11-27 08:40:46,371 [main] INFO  DVLauncher  - SrcID : my_pgs
2019-11-27 08:40:46,372 [main] INFO  DVLauncher  - TgtID : my_pgs
2019-11-27 08:40:46,378 [main] INFO  DVLauncher  - Source Schema : aniket
2019-11-27 08:40:46,379 [main] INFO  DVLauncher  - Target Schema : akadam
2019-11-27 08:40:46,379 [main] INFO  DVLauncher  - Table Mapping : [{ora0001(#15,pk,col2,col3) : ora0002(#15,pk,col2,col3)};{ora0003(#10,pk,col1,col4) : ora0004(#10,pk,col1,col2)};{ora0005(#10,*) : ora0006(#10,*)}]
2019-11-27 08:40:46,407 [main] INFO  DVLauncher  - Log Dir : C:/akadam/Work/PowerExchange/v1040/data_validation_tool/logs
2019-11-27 08:40:46,407 [main] INFO  DVLauncher  - ===== Source DB Details =====
2019-11-27 08:40:46,414 [main] INFO  DVLauncher  - Type : PGS
2019-11-27 08:40:46,415 [main] INFO  DVLauncher  - Version : 11
2019-11-27 08:40:46,416 [main] INFO  DVLauncher  - Host : mhvr16db02
2019-11-27 08:40:46,416 [main] INFO  DVLauncher  - User : ilqa
2019-11-27 08:40:46,417 [main] INFO  DVLauncher  - Password : ilqa
2019-11-27 08:40:46,419 [main] INFO  DVLauncher  - Port : 5432
2019-11-27 08:40:46,425 [main] INFO  DVLauncher  - DBName : pwxtest
2019-11-27 08:40:46,426 [main] INFO  DVLauncher  - ===== Target DB Details =====
2019-11-27 08:40:46,426 [main] INFO  DVLauncher  - Type : PGS
2019-11-27 08:40:46,429 [main] INFO  DVLauncher  - Version : 11
2019-11-27 08:40:46,429 [main] INFO  DVLauncher  - Host : mhvr16db02
2019-11-27 08:40:46,436 [main] INFO  DVLauncher  - User : ilqa
2019-11-27 08:40:46,436 [main] INFO  DVLauncher  - Password : ilqa
2019-11-27 08:40:46,437 [main] INFO  DVLauncher  - Port : 5432
2019-11-27 08:40:46,439 [main] INFO  DVLauncher  - DBName : pwxtest
2019-11-27 08:40:48,797 [main] INFO  DVLauncher  - **** Fetched all rows from JDBC ResultSet
2019-11-27 08:40:48,798 [main] INFO  DVLauncher  - **** Closed JDBC ResultSet
2019-11-27 08:40:48,799 [main] INFO  DVLauncher  - **** Closed JDBC Statement
